-------------------------------------------------------------------------------
Test set: de.tkoehler.rezepttool.manager.services.recipeparser.test.ChefkochRecipeParserTest
-------------------------------------------------------------------------------
Tests run: 31, Failures: 1, Errors: 6, Skipped: 0, Time elapsed: 2.042 s <<< FAILURE! - in de.tkoehler.rezepttool.manager.services.recipeparser.test.ChefkochRecipeParserTest
createPrintPageData_CorrectParameter_NotNull(de.tkoehler.rezepttool.manager.services.recipeparser.test.ChefkochRecipeParserTest)  Time elapsed: 0.274 s  <<< ERROR!
de.tkoehler.rezepttool.manager.services.recipeparser.RecipeParserException: Could not find recipe print button in website
	at de.tkoehler.rezepttool.manager.services.recipeparser.test.ChefkochRecipeParserTest.createPrintPageData_CorrectParameter_NotNull(ChefkochRecipeParserTest.java:221)

extractAdditionalInformationFromURL_CorrectParameter_NotNull(de.tkoehler.rezepttool.manager.services.recipeparser.test.ChefkochRecipeParserTest)  Time elapsed: 0.068 s  <<< FAILURE!
java.lang.AssertionError: 

Expected: is not null
     but: was null
	at de.tkoehler.rezepttool.manager.services.recipeparser.test.ChefkochRecipeParserTest.extractAdditionalInformationFromURL_CorrectParameter_NotNull(ChefkochRecipeParserTest.java:202)

parseRecipe_CorrectParameter_NotNull(de.tkoehler.rezepttool.manager.services.recipeparser.test.ChefkochRecipeParserTest)  Time elapsed: 0.085 s  <<< ERROR!
java.lang.ClassCastException: class org.glassfish.json.JsonNumberImpl$JsonBigDecimalNumber cannot be cast to class javax.json.JsonString (org.glassfish.json.JsonNumberImpl$JsonBigDecimalNumber and javax.json.JsonString are in unnamed module of loader 'app')
	at de.tkoehler.rezepttool.manager.services.recipeparser.test.ChefkochRecipeParserTest.parseRecipe_CorrectParameter_NotNull(ChefkochRecipeParserTest.java:160)

extractPrintPageData_CorrectParameter_NotNull(de.tkoehler.rezepttool.manager.services.recipeparser.test.ChefkochRecipeParserTest)  Time elapsed: 0.146 s  <<< ERROR!
de.tkoehler.rezepttool.manager.services.recipeparser.RecipeParserException: Could not find recipe print data in website
	at de.tkoehler.rezepttool.manager.services.recipeparser.test.ChefkochRecipeParserTest.extractPrintPageData_CorrectParameter_NotNull(ChefkochRecipeParserTest.java:241)

extractIngredientValue_CorrectParameter_NotNull(de.tkoehler.rezepttool.manager.services.recipeparser.test.ChefkochRecipeParserTest)  Time elapsed: 0.134 s  <<< ERROR!
de.tkoehler.rezepttool.manager.services.recipeparser.RecipeParserException: Could not find recipe print data in website
	at de.tkoehler.rezepttool.manager.services.recipeparser.test.ChefkochRecipeParserTest.extractIngredientValue_CorrectParameter_NotNull(ChefkochRecipeParserTest.java:260)

extractPreparationInfoFromURL_CorrectParameter_NotNull(de.tkoehler.rezepttool.manager.services.recipeparser.test.ChefkochRecipeParserTest)  Time elapsed: 0.062 s  <<< ERROR!
de.tkoehler.rezepttool.manager.services.recipeparser.RecipeParserException: Could not find preparation-info id
	at de.tkoehler.rezepttool.manager.services.recipeparser.test.ChefkochRecipeParserTest.extractPreparationInfoFromURL_CorrectParameter_NotNull(ChefkochRecipeParserTest.java:180)

extractPrintPageData_CorrectParameter_NoEmptyIngredient(de.tkoehler.rezepttool.manager.services.recipeparser.test.ChefkochRecipeParserTest)  Time elapsed: 0.133 s  <<< ERROR!
de.tkoehler.rezepttool.manager.services.recipeparser.RecipeParserException: Could not find recipe print data in website
	at de.tkoehler.rezepttool.manager.services.recipeparser.test.ChefkochRecipeParserTest.extractPrintPageData_CorrectParameter_NoEmptyIngredient(ChefkochRecipeParserTest.java:250)

