<?xml version="1.0" encoding="UTF-8"?>
<testsuite xmlns:xsi="http://www.w3.org/2001/XMLSchema-instance" xsi:noNamespaceSchemaLocation="https://maven.apache.org/surefire/maven-surefire-plugin/xsd/surefire-test-report.xsd" name="de.tkoehler.rezepttool.manager.restcontroller.test.CreateRecipeControllerIntegrationTest" time="13.41" tests="1" errors="0" skipped="0" failures="1">
  <properties>
[...]
</properties>
  <testcase name="controllerImportAndSave_load2xDifferentURLs_CorrectIngredNames" classname="de.tkoehler.rezepttool.manager.restcontroller.test.CreateRecipeControllerIntegrationTest" time="0.627">
    <failure message="&#10;Expected: is &lt;500 INTERNAL_SERVER_ERROR&gt;&#10;     but: was &lt;200 OK&gt;" type="java.lang.AssertionError"><![CDATA[java.lang.AssertionError: 

Expected: is <500 INTERNAL_SERVER_ERROR>
     but: was <200 OK>
	at de.tkoehler.rezepttool.manager.restcontroller.test.CreateRecipeControllerIntegrationTest.controllerImportAndSave_load2xDifferentURLs_CorrectIngredNames(CreateRecipeControllerIntegrationTest.java:38)
]]></failure>
    <system-out><![CDATA[15:26:45.516 [main] DEBUG org.springframework.test.context.junit4.SpringJUnit4ClassRunner - SpringJUnit4ClassRunner constructor called with [class de.tkoehler.rezepttool.manager.restcontroller.test.CreateRecipeControllerIntegrationTest]
15:26:45.521 [main] DEBUG org.springframework.test.context.BootstrapUtils - Instantiating CacheAwareContextLoaderDelegate from class [org.springframework.test.context.cache.DefaultCacheAwareContextLoaderDelegate]
15:26:45.554 [main] DEBUG org.springframework.test.context.BootstrapUtils - Instantiating BootstrapContext using constructor [public org.springframework.test.context.support.DefaultBootstrapContext(java.lang.Class,org.springframework.test.context.CacheAwareContextLoaderDelegate)]
15:26:45.603 [main] DEBUG org.springframework.test.context.BootstrapUtils - Instantiating TestContextBootstrapper for test class [de.tkoehler.rezepttool.manager.restcontroller.test.CreateRecipeControllerIntegrationTest] from class [org.springframework.boot.test.context.SpringBootTestContextBootstrapper]
15:26:45.632 [main] INFO org.springframework.boot.test.context.SpringBootTestContextBootstrapper - Neither @ContextConfiguration nor @ContextHierarchy found for test class [de.tkoehler.rezepttool.manager.restcontroller.test.CreateRecipeControllerIntegrationTest], using SpringBootContextLoader
15:26:45.635 [main] DEBUG org.springframework.test.context.support.AbstractContextLoader - Did not detect default resource location for test class [de.tkoehler.rezepttool.manager.restcontroller.test.CreateRecipeControllerIntegrationTest]: class path resource [de/tkoehler/rezepttool/manager/restcontroller/test/CreateRecipeControllerIntegrationTest-context.xml] does not exist
15:26:45.636 [main] DEBUG org.springframework.test.context.support.AbstractContextLoader - Did not detect default resource location for test class [de.tkoehler.rezepttool.manager.restcontroller.test.CreateRecipeControllerIntegrationTest]: class path resource [de/tkoehler/rezepttool/manager/restcontroller/test/CreateRecipeControllerIntegrationTestContext.groovy] does not exist
15:26:45.636 [main] INFO org.springframework.test.context.support.AbstractContextLoader - Could not detect default resource locations for test class [de.tkoehler.rezepttool.manager.restcontroller.test.CreateRecipeControllerIntegrationTest]: no resource found for suffixes {-context.xml, Context.groovy}.
15:26:45.637 [main] INFO org.springframework.test.context.support.AnnotationConfigContextLoaderUtils - Could not detect default configuration classes for test class [de.tkoehler.rezepttool.manager.restcontroller.test.CreateRecipeControllerIntegrationTest]: CreateRecipeControllerIntegrationTest does not declare any static, non-private, non-final, nested classes annotated with @Configuration.
15:26:45.728 [main] DEBUG org.springframework.test.context.support.ActiveProfilesUtils - Could not find an 'annotation declaring class' for annotation type [org.springframework.test.context.ActiveProfiles] and class [de.tkoehler.rezepttool.manager.restcontroller.test.CreateRecipeControllerIntegrationTest]
15:26:45.903 [main] DEBUG org.springframework.context.annotation.ClassPathScanningCandidateComponentProvider - Identified candidate component class: file [D:\Programmierung\Java\Workspace_STS\RezepttoolManager\target\classes\de\tkoehler\rezepttool\manager\RezepttoolManagerApplication.class]
15:26:45.905 [main] INFO org.springframework.boot.test.context.SpringBootTestContextBootstrapper - Found @SpringBootConfiguration de.tkoehler.rezepttool.manager.RezepttoolManagerApplication for test class de.tkoehler.rezepttool.manager.restcontroller.test.CreateRecipeControllerIntegrationTest
15:26:46.062 [main] DEBUG org.springframework.boot.test.context.SpringBootTestContextBootstrapper - @TestExecutionListeners is not present for class [de.tkoehler.rezepttool.manager.restcontroller.test.CreateRecipeControllerIntegrationTest]: using defaults.
15:26:46.063 [main] INFO org.springframework.boot.test.context.SpringBootTestContextBootstrapper - Loaded default TestExecutionListener class names from location [META-INF/spring.factories]: [org.springframework.boot.test.mock.mockito.MockitoTestExecutionListener, org.springframework.boot.test.mock.mockito.ResetMocksTestExecutionListener, org.springframework.boot.test.autoconfigure.restdocs.RestDocsTestExecutionListener, org.springframework.boot.test.autoconfigure.web.client.MockRestServiceServerResetTestExecutionListener, org.springframework.boot.test.autoconfigure.web.servlet.MockMvcPrintOnlyOnFailureTestExecutionListener, org.springframework.boot.test.autoconfigure.web.servlet.WebDriverTestExecutionListener, org.springframework.test.context.web.ServletTestExecutionListener, org.springframework.test.context.support.DirtiesContextBeforeModesTestExecutionListener, org.springframework.test.context.support.DependencyInjectionTestExecutionListener, org.springframework.test.context.support.DirtiesContextTestExecutionListener, org.springframework.test.context.transaction.TransactionalTestExecutionListener, org.springframework.test.context.jdbc.SqlScriptsTestExecutionListener]
15:26:46.080 [main] INFO org.springframework.boot.test.context.SpringBootTestContextBootstrapper - Using TestExecutionListeners: [org.springframework.test.context.web.ServletTestExecutionListener@63cd604c, org.springframework.test.context.support.DirtiesContextBeforeModesTestExecutionListener@40dd3977, org.springframework.boot.test.mock.mockito.MockitoTestExecutionListener@3a4e343, org.springframework.boot.test.autoconfigure.SpringBootDependencyInjectionTestExecutionListener@6a1d204a, org.springframework.test.context.support.DirtiesContextTestExecutionListener@62dae245, org.springframework.test.context.transaction.TransactionalTestExecutionListener@4b6579e8, org.springframework.test.context.jdbc.SqlScriptsTestExecutionListener@6fff253c, org.springframework.boot.test.mock.mockito.ResetMocksTestExecutionListener@6c6357f9, org.springframework.boot.test.autoconfigure.restdocs.RestDocsTestExecutionListener@591e58fa, org.springframework.boot.test.autoconfigure.web.client.MockRestServiceServerResetTestExecutionListener@3954d008, org.springframework.boot.test.autoconfigure.web.servlet.MockMvcPrintOnlyOnFailureTestExecutionListener@2f94c4db, org.springframework.boot.test.autoconfigure.web.servlet.WebDriverTestExecutionListener@593e824f]
15:26:46.081 [main] DEBUG org.springframework.test.annotation.ProfileValueUtils - Retrieved @ProfileValueSourceConfiguration [null] for test class [de.tkoehler.rezepttool.manager.restcontroller.test.CreateRecipeControllerIntegrationTest]
15:26:46.082 [main] DEBUG org.springframework.test.annotation.ProfileValueUtils - Retrieved ProfileValueSource type [class org.springframework.test.annotation.SystemProfileValueSource] for class [de.tkoehler.rezepttool.manager.restcontroller.test.CreateRecipeControllerIntegrationTest]
15:26:46.082 [main] DEBUG org.springframework.test.annotation.ProfileValueUtils - Retrieved @ProfileValueSourceConfiguration [null] for test class [de.tkoehler.rezepttool.manager.restcontroller.test.CreateRecipeControllerIntegrationTest]
15:26:46.082 [main] DEBUG org.springframework.test.annotation.ProfileValueUtils - Retrieved ProfileValueSource type [class org.springframework.test.annotation.SystemProfileValueSource] for class [de.tkoehler.rezepttool.manager.restcontroller.test.CreateRecipeControllerIntegrationTest]
15:26:46.082 [main] DEBUG org.springframework.test.annotation.ProfileValueUtils - Retrieved @ProfileValueSourceConfiguration [null] for test class [de.tkoehler.rezepttool.manager.restcontroller.test.CreateRecipeControllerIntegrationTest]
15:26:46.082 [main] DEBUG org.springframework.test.annotation.ProfileValueUtils - Retrieved ProfileValueSource type [class org.springframework.test.annotation.SystemProfileValueSource] for class [de.tkoehler.rezepttool.manager.restcontroller.test.CreateRecipeControllerIntegrationTest]
15:26:46.084 [main] DEBUG org.springframework.test.context.support.AbstractDirtiesContextTestExecutionListener - Before test class: context [DefaultTestContext@549621f3 testClass = CreateRecipeControllerIntegrationTest, testInstance = [null], testMethod = [null], testException = [null], mergedContextConfiguration = [WebMergedContextConfiguration@54361a9 testClass = CreateRecipeControllerIntegrationTest, locations = '{}', classes = '{class de.tkoehler.rezepttool.manager.RezepttoolManagerApplication}', contextInitializerClasses = '[]', activeProfiles = '{}', propertySourceLocations = '{classpath:/test.properties}', propertySourceProperties = '{org.springframework.boot.test.context.SpringBootTestContextBootstrapper=true, server.port=0}', contextCustomizers = set[org.springframework.boot.test.context.filter.ExcludeFilterContextCustomizer@74c79fa2, org.springframework.boot.test.json.DuplicateJsonObjectContextCustomizerFactory$DuplicateJsonObjectContextCustomizer@7642df8f, org.springframework.boot.test.mock.mockito.MockitoContextCustomizer@0, org.springframework.boot.test.web.client.TestRestTemplateContextCustomizer@5d8bafa9, org.springframework.boot.test.autoconfigure.properties.PropertyMappingContextCustomizer@0, org.springframework.boot.test.autoconfigure.web.servlet.WebDriverContextCustomizerFactory$Customizer@1ecee32c], resourceBasePath = 'src/main/webapp', contextLoader = 'org.springframework.boot.test.context.SpringBootContextLoader', parent = [null]], attributes = map['org.springframework.test.context.web.ServletTestExecutionListener.activateListener' -> false]], class annotated with @DirtiesContext [true] with mode [AFTER_CLASS].
15:26:46.085 [main] DEBUG org.springframework.test.annotation.ProfileValueUtils - Retrieved @ProfileValueSourceConfiguration [null] for test class [de.tkoehler.rezepttool.manager.restcontroller.test.CreateRecipeControllerIntegrationTest]
15:26:46.085 [main] DEBUG org.springframework.test.annotation.ProfileValueUtils - Retrieved ProfileValueSource type [class org.springframework.test.annotation.SystemProfileValueSource] for class [de.tkoehler.rezepttool.manager.restcontroller.test.CreateRecipeControllerIntegrationTest]
15:26:46.088 [main] DEBUG org.springframework.test.context.support.DependencyInjectionTestExecutionListener - Performing dependency injection for test context [[DefaultTestContext@549621f3 testClass = CreateRecipeControllerIntegrationTest, testInstance = de.tkoehler.rezepttool.manager.restcontroller.test.CreateRecipeControllerIntegrationTest@1bdf8190, testMethod = [null], testException = [null], mergedContextConfiguration = [WebMergedContextConfiguration@54361a9 testClass = CreateRecipeControllerIntegrationTest, locations = '{}', classes = '{class de.tkoehler.rezepttool.manager.RezepttoolManagerApplication}', contextInitializerClasses = '[]', activeProfiles = '{}', propertySourceLocations = '{classpath:/test.properties}', propertySourceProperties = '{org.springframework.boot.test.context.SpringBootTestContextBootstrapper=true, server.port=0}', contextCustomizers = set[org.springframework.boot.test.context.filter.ExcludeFilterContextCustomizer@74c79fa2, org.springframework.boot.test.json.DuplicateJsonObjectContextCustomizerFactory$DuplicateJsonObjectContextCustomizer@7642df8f, org.springframework.boot.test.mock.mockito.MockitoContextCustomizer@0, org.springframework.boot.test.web.client.TestRestTemplateContextCustomizer@5d8bafa9, org.springframework.boot.test.autoconfigure.properties.PropertyMappingContextCustomizer@0, org.springframework.boot.test.autoconfigure.web.servlet.WebDriverContextCustomizerFactory$Customizer@1ecee32c], resourceBasePath = 'src/main/webapp', contextLoader = 'org.springframework.boot.test.context.SpringBootContextLoader', parent = [null]], attributes = map['org.springframework.test.context.web.ServletTestExecutionListener.activateListener' -> false]]].
15:26:46.113 [main] DEBUG org.springframework.test.context.support.TestPropertySourceUtils - Adding inlined properties to environment: {spring.jmx.enabled=false, org.springframework.boot.test.context.SpringBootTestContextBootstrapper=true, server.port=0}
2020-09-12 15:26:46.985  INFO 16820 --- [           main] trationDelegate$BeanPostProcessorChecker : Bean 'configurationPropertiesRebinderAutoConfiguration' of type [org.springframework.cloud.autoconfigure.ConfigurationPropertiesRebinderAutoConfiguration$$EnhancerBySpringCGLIB$$5744c423] is not eligible for getting processed by all BeanPostProcessors (for example: not eligible for auto-proxying)

  .   ____          _            __ _ _
 /\\ / ___'_ __ _ _(_)_ __  __ _ \ \ \ \
( ( )\___ | '_ | '_| | '_ \/ _` | \ \ \ \
 \\/  ___)| |_)| | | | | || (_| |  ) ) ) )
  '  |____| .__|_| |_|_| |_\__, | / / / /
 =========|_|==============|___/=/_/_/_/
 :: Spring Boot ::        (v2.1.1.RELEASE)

2020-09-12 15:26:47.204  INFO 16820 --- [           main] .t.CreateRecipeControllerIntegrationTest : No active profile set, falling back to default profiles: default
2020-09-12 15:26:48.878  INFO 16820 --- [           main] .s.d.r.c.RepositoryConfigurationDelegate : Bootstrapping Spring Data repositories in DEFAULT mode.
2020-09-12 15:26:49.140  INFO 16820 --- [           main] .s.d.r.c.RepositoryConfigurationDelegate : Finished Spring Data repository scanning in 254ms. Found 3 repository interfaces.
2020-09-12 15:26:49.754  INFO 16820 --- [           main] o.s.cloud.context.scope.GenericScope     : BeanFactory id=1bd833f8-6bf5-356e-8270-1ca2eadaa7cd
2020-09-12 15:26:49.839  INFO 16820 --- [           main] faultConfiguringBeanFactoryPostProcessor : No bean named 'errorChannel' has been explicitly defined. Therefore, a default PublishSubscribeChannel will be created.
2020-09-12 15:26:49.855  INFO 16820 --- [           main] faultConfiguringBeanFactoryPostProcessor : No bean named 'taskScheduler' has been explicitly defined. Therefore, a default ThreadPoolTaskScheduler will be created.
2020-09-12 15:26:49.865  INFO 16820 --- [           main] faultConfiguringBeanFactoryPostProcessor : No bean named 'integrationHeaderChannelRegistry' has been explicitly defined. Therefore, a default DefaultHeaderChannelRegistry will be created.
2020-09-12 15:26:49.967  INFO 16820 --- [           main] trationDelegate$BeanPostProcessorChecker : Bean 'org.springframework.kafka.annotation.KafkaBootstrapConfiguration' of type [org.springframework.kafka.annotation.KafkaBootstrapConfiguration$$EnhancerBySpringCGLIB$$edcd2a9] is not eligible for getting processed by all BeanPostProcessors (for example: not eligible for auto-proxying)
2020-09-12 15:26:50.027  INFO 16820 --- [           main] trationDelegate$BeanPostProcessorChecker : Bean 'org.springframework.transaction.annotation.ProxyTransactionManagementConfiguration' of type [org.springframework.transaction.annotation.ProxyTransactionManagementConfiguration$$EnhancerBySpringCGLIB$$3b2ac126] is not eligible for getting processed by all BeanPostProcessors (for example: not eligible for auto-proxying)
2020-09-12 15:26:50.056  INFO 16820 --- [           main] trationDelegate$BeanPostProcessorChecker : Bean 'org.springframework.integration.config.IntegrationManagementConfiguration' of type [org.springframework.integration.config.IntegrationManagementConfiguration$$EnhancerBySpringCGLIB$$a61c7c55] is not eligible for getting processed by all BeanPostProcessors (for example: not eligible for auto-proxying)
2020-09-12 15:26:50.096  INFO 16820 --- [           main] trationDelegate$BeanPostProcessorChecker : Bean 'integrationDisposableAutoCreatedBeans' of type [org.springframework.integration.config.annotation.Disposables] is not eligible for getting processed by all BeanPostProcessors (for example: not eligible for auto-proxying)
2020-09-12 15:26:50.134  INFO 16820 --- [           main] trationDelegate$BeanPostProcessorChecker : Bean 'org.springframework.hateoas.config.HateoasConfiguration' of type [org.springframework.hateoas.config.HateoasConfiguration$$EnhancerBySpringCGLIB$$baab0e58] is not eligible for getting processed by all BeanPostProcessors (for example: not eligible for auto-proxying)
2020-09-12 15:26:50.173  INFO 16820 --- [           main] trationDelegate$BeanPostProcessorChecker : Bean 'org.springframework.cloud.autoconfigure.ConfigurationPropertiesRebinderAutoConfiguration' of type [org.springframework.cloud.autoconfigure.ConfigurationPropertiesRebinderAutoConfiguration$$EnhancerBySpringCGLIB$$5744c423] is not eligible for getting processed by all BeanPostProcessors (for example: not eligible for auto-proxying)
2020-09-12 15:26:50.847  INFO 16820 --- [           main] o.s.b.w.embedded.tomcat.TomcatWebServer  : Tomcat initialized with port(s): 0 (http)
2020-09-12 15:26:50.882  INFO 16820 --- [           main] o.apache.catalina.core.StandardService   : Starting service [Tomcat]
2020-09-12 15:26:50.882  INFO 16820 --- [           main] org.apache.catalina.core.StandardEngine  : Starting Servlet Engine: Apache Tomcat/9.0.13
2020-09-12 15:26:50.911  INFO 16820 --- [           main] o.a.catalina.core.AprLifecycleListener   : The APR based Apache Tomcat Native library which allows optimal performance in production environments was not found on the java.library.path: [C:\Program Files\Java\jdk-14.0.2\bin;C:\WINDOWS\Sun\Java\bin;C:\WINDOWS\system32;C:\WINDOWS;C:/Program Files/Java/jdk-14.0.2/bin/server;C:/Program Files/Java/jdk-14.0.2/bin;C:\Program Files\Java\jre7\bin;C:\ProgramData\Oracle\Java\javapath;C:\Windows\system32;C:\Windows;C:\Windows\System32\Wbem;C:\Windows\System32\WindowsPowerShell\v1.0\;C:\Program Files (x86)\NVIDIA Corporation\PhysX\Common;C:\WINDOWS\system32;C:\WINDOWS;C:\WINDOWS\System32\Wbem;C:\WINDOWS\System32\WindowsPowerShell\v1.0\;C:\Program Files\TortoiseGit\bin;C:\Program Files (x86)\Skype\Phone\;D:\Programme\OpenVPN\bin;D:\Programme\LaTex\MikTex\miktex\bin\x64\;C:\WINDOWS\System32\OpenSSH\;C:\Program Files\NVIDIA Corporation\NVIDIA NvDLISR;C:\Program Files\Git\cmd;C:\Program Files\nodejs\;C:\WINDOWS\system32;C:\WINDOWS;C:\WINDOWS\System32\Wbem;C:\WINDOWS\System32\WindowsPowerShell\v1.0\;C:\WINDOWS\System32\OpenSSH\;C:\Users\Arges\AppData\Local\Microsoft\WindowsApps;D:\Programme\LaTex\MikTex\miktex\bin\x64;C:\Users\Arges\AppData\Local\GitHubDesktop\bin;D:\Programme\Microsoft VS Code\bin;C:\Users\Arges\AppData\Roaming\npm;C:\Users\Arges\AppData\Local\Microsoft\WindowsApps;C:\Users\Arges\AppData\Local\Programs\Microsoft VS Code\bin;D:\Programme\Python27;;C:\Users\Arges\Desktop;;.]
2020-09-12 15:26:51.122  INFO 16820 --- [           main] o.a.c.c.C.[Tomcat].[localhost].[/]       : Initializing Spring embedded WebApplicationContext
2020-09-12 15:26:51.122  INFO 16820 --- [           main] o.s.web.context.ContextLoader            : Root WebApplicationContext: initialization completed in 3913 ms
2020-09-12 15:26:51.401  WARN 16820 --- [           main] c.n.c.sources.URLConfigurationSource     : No URLs will be polled as dynamic configuration sources.
2020-09-12 15:26:51.401  INFO 16820 --- [           main] c.n.c.sources.URLConfigurationSource     : To enable URLs as dynamic configuration sources, define System property archaius.configurationSource.additionalUrls or make config.properties available on classpath.
2020-09-12 15:26:51.433  INFO 16820 --- [           main] c.netflix.config.DynamicPropertyFactory  : DynamicPropertyFactory is initialized with configuration sources: com.netflix.config.ConcurrentCompositeConfiguration@52a75c12
2020-09-12 15:26:52.984  INFO 16820 --- [           main] com.zaxxer.hikari.HikariDataSource       : HikariPool-1 - Starting...
2020-09-12 15:26:53.223  INFO 16820 --- [           main] com.zaxxer.hikari.HikariDataSource       : HikariPool-1 - Start completed.
2020-09-12 15:26:53.317  INFO 16820 --- [           main] o.hibernate.jpa.internal.util.LogHelper  : HHH000204: Processing PersistenceUnitInfo [
	name: default
	...]
2020-09-12 15:26:53.426  INFO 16820 --- [           main] org.hibernate.Version                    : HHH000412: Hibernate Core {5.3.7.Final}
2020-09-12 15:26:53.429  INFO 16820 --- [           main] org.hibernate.cfg.Environment            : HHH000206: hibernate.properties not found
2020-09-12 15:26:53.530  INFO 16820 --- [           main] o.hibernate.annotations.common.Version   : HCANN000001: Hibernate Commons Annotations {5.0.4.Final}
2020-09-12 15:26:53.725  INFO 16820 --- [           main] org.hibernate.dialect.Dialect            : HHH000400: Using dialect: org.hibernate.dialect.H2Dialect
Hibernate: 
    
    create table tblalternativenames (
       ingredient_id varchar(36) not null,
        alternative_name varchar(255)
    )
Hibernate: 
    
    create table tblingredients (
       id varchar(36) not null,
        department varchar(100),
        name varchar(100) not null,
        primary key (id)
    )
Hibernate: 
    
    create table tblrecipecategories (
       recipe_entity_id varchar(36) not null,
        category varchar(255)
    )
Hibernate: 
    
    create table tblrecipeingredients (
       id varchar(36) not null,
        amount varchar(50),
        ingredient_id varchar(36) not null,
        recipe_id varchar(36) not null,
        primary key (id)
    )
Hibernate: 
    
    create table tblrecipes (
       id varchar(36) not null,
        additional_information varchar(100),
        callories varchar(15),
        cook_time varchar(20),
        difficulty varchar(20),
        instructions clob,
        name varchar(100) not null,
        portions varchar(10),
        rest_time varchar(20),
        url varchar(200) not null,
        work_time varchar(20),
        primary key (id)
    )
Hibernate: 
    
    alter table tblingredients 
       drop constraint if exists UK4niibn8tuho77ubovje7vwx7f
Hibernate: 
    
    alter table tblingredients 
       add constraint UK4niibn8tuho77ubovje7vwx7f unique (name, department)
Hibernate: 
    
    alter table tblrecipes 
       drop constraint if exists UK2k0idn2ovhfevrobyja6o38rf
Hibernate: 
    
    alter table tblrecipes 
       add constraint UK2k0idn2ovhfevrobyja6o38rf unique (url, name)
Hibernate: 
    
    alter table tblalternativenames 
       add constraint FKb79m6etwjw3225eha9cra8wsm 
       foreign key (ingredient_id) 
       references tblingredients
Hibernate: 
    
    alter table tblrecipecategories 
       add constraint FKl0rh8kk4kciyvqmeymvmeo6ko 
       foreign key (recipe_entity_id) 
       references tblrecipes
Hibernate: 
    
    alter table tblrecipeingredients 
       add constraint FK94moy1b3qkl8m6hmlbpqlepan 
       foreign key (ingredient_id) 
       references tblingredients
Hibernate: 
    
    alter table tblrecipeingredients 
       add constraint FKlovi61q12aybyhdv648lddlf 
       foreign key (recipe_id) 
       references tblrecipes
2020-09-12 15:26:54.662  INFO 16820 --- [           main] j.LocalContainerEntityManagerFactoryBean : Initialized JPA EntityManagerFactory for persistence unit 'default'
2020-09-12 15:26:55.125  INFO 16820 --- [           main] o.h.h.i.QueryTranslatorFactoryInitiator  : HHH000397: Using ASTQueryTranslatorFactory
2020-09-12 15:26:55.993  WARN 16820 --- [           main] o.s.c.n.a.ArchaiusAutoConfiguration      : No spring.application.name found, defaulting to 'application'
2020-09-12 15:26:55.994  WARN 16820 --- [           main] c.n.c.sources.URLConfigurationSource     : No URLs will be polled as dynamic configuration sources.
2020-09-12 15:26:55.994  INFO 16820 --- [           main] c.n.c.sources.URLConfigurationSource     : To enable URLs as dynamic configuration sources, define System property archaius.configurationSource.additionalUrls or make config.properties available on classpath.
2020-09-12 15:26:56.382  INFO 16820 --- [           main] o.s.s.concurrent.ThreadPoolTaskExecutor  : Initializing ExecutorService 'applicationTaskExecutor'
2020-09-12 15:26:56.457  WARN 16820 --- [           main] aWebConfiguration$JpaWebMvcConfiguration : spring.jpa.open-in-view is enabled by default. Therefore, database queries may be performed during view rendering. Explicitly configure spring.jpa.open-in-view to disable this warning
2020-09-12 15:26:56.723  INFO 16820 --- [           main] o.s.b.a.w.s.WelcomePageHandlerMapping    : Adding welcome page template: index
2020-09-12 15:26:57.730  INFO 16820 --- [           main] o.s.b.a.e.web.EndpointLinksResolver      : Exposing 2 endpoint(s) beneath base path '/actuator'
2020-09-12 15:26:57.907  INFO 16820 --- [           main] o.s.s.c.ThreadPoolTaskScheduler          : Initializing ExecutorService 'taskScheduler'
2020-09-12 15:26:58.023  INFO 16820 --- [           main] o.s.i.endpoint.EventDrivenConsumer       : Adding {logging-channel-adapter:_org.springframework.integration.errorLogger} as a subscriber to the 'errorChannel' channel
2020-09-12 15:26:58.023  INFO 16820 --- [           main] o.s.i.channel.PublishSubscribeChannel    : Channel 'application-1.errorChannel' has 1 subscriber(s).
2020-09-12 15:26:58.023  INFO 16820 --- [           main] o.s.i.endpoint.EventDrivenConsumer       : started _org.springframework.integration.errorLogger
2020-09-12 15:26:58.089  INFO 16820 --- [           main] o.s.b.w.embedded.tomcat.TomcatWebServer  : Tomcat started on port(s): 59447 (http) with context path ''
2020-09-12 15:26:58.092  INFO 16820 --- [           main] .t.CreateRecipeControllerIntegrationTest : Started CreateRecipeControllerIntegrationTest in 11.975 seconds (JVM running for 13.8)
2020-09-12 15:26:58.113  INFO 16820 --- [           main] d.t.r.m.r.CreateRecipeControllerImpl     : RequestBody: "https://www.chefkoch.de/rezepte/2280021363771917/Knoblauch-Champignons.html"
2020-09-12 15:26:58.714 ERROR 16820 --- [           main] d.t.r.m.r.CreateRecipeControllerImpl     : Fehler beim Erstellen!

java.lang.ClassCastException: class org.glassfish.json.JsonNumberImpl$JsonBigDecimalNumber cannot be cast to class javax.json.JsonString (org.glassfish.json.JsonNumberImpl$JsonBigDecimalNumber and javax.json.JsonString are in unnamed module of loader 'app')
	at org.glassfish.json.JsonObjectBuilderImpl$JsonObjectImpl.getJsonString(JsonObjectBuilderImpl.java:252) ~[javax.json-1.1.jar:1.1]
	at org.glassfish.json.JsonObjectBuilderImpl$JsonObjectImpl.getString(JsonObjectBuilderImpl.java:257) ~[javax.json-1.1.jar:1.1]
	at de.tkoehler.rezepttool.manager.services.recipeparser.ChefkochRecipeParserImpl.createChefkochRecipe(ChefkochRecipeParserImpl.java:116) ~[classes/:na]
	at de.tkoehler.rezepttool.manager.services.recipeparser.ChefkochRecipeParserImpl.parseRecipe(ChefkochRecipeParserImpl.java:36) ~[classes/:na]
	at de.tkoehler.rezepttool.manager.services.ImporterServiceImpl.loadRecipeFromExternal(ImporterServiceImpl.java:34) ~[classes/:na]
	at de.tkoehler.rezepttool.manager.restcontroller.CreateRecipeControllerImpl.loadRecipeFromExternalURL(CreateRecipeControllerImpl.java:84) ~[classes/:na]
	at de.tkoehler.rezepttool.manager.restcontroller.test.CreateRecipeControllerIntegrationTest.controllerImportAndSave_load2xDifferentURLs_CorrectIngredNames(CreateRecipeControllerIntegrationTest.java:37) ~[test-classes/:na]
	at java.base/jdk.internal.reflect.NativeMethodAccessorImpl.invoke0(Native Method) ~[na:na]
	at java.base/jdk.internal.reflect.NativeMethodAccessorImpl.invoke(NativeMethodAccessorImpl.java:62) ~[na:na]
	at java.base/jdk.internal.reflect.DelegatingMethodAccessorImpl.invoke(DelegatingMethodAccessorImpl.java:43) ~[na:na]
	at java.base/java.lang.reflect.Method.invoke(Method.java:564) ~[na:na]
	at org.junit.runners.model.FrameworkMethod$1.runReflectiveCall(FrameworkMethod.java:50) ~[junit-4.12.jar:4.12]
	at org.junit.internal.runners.model.ReflectiveCallable.run(ReflectiveCallable.java:12) ~[junit-4.12.jar:4.12]
	at org.junit.runners.model.FrameworkMethod.invokeExplosively(FrameworkMethod.java:47) ~[junit-4.12.jar:4.12]
	at org.junit.internal.runners.statements.InvokeMethod.evaluate(InvokeMethod.java:17) ~[junit-4.12.jar:4.12]
	at org.springframework.test.context.junit4.statements.RunBeforeTestExecutionCallbacks.evaluate(RunBeforeTestExecutionCallbacks.java:74) ~[spring-test-5.1.3.RELEASE.jar:5.1.3.RELEASE]
	at org.springframework.test.context.junit4.statements.RunAfterTestExecutionCallbacks.evaluate(RunAfterTestExecutionCallbacks.java:84) ~[spring-test-5.1.3.RELEASE.jar:5.1.3.RELEASE]
	at org.springframework.test.context.junit4.statements.RunBeforeTestMethodCallbacks.evaluate(RunBeforeTestMethodCallbacks.java:75) ~[spring-test-5.1.3.RELEASE.jar:5.1.3.RELEASE]
	at org.springframework.test.context.junit4.statements.RunAfterTestMethodCallbacks.evaluate(RunAfterTestMethodCallbacks.java:86) ~[spring-test-5.1.3.RELEASE.jar:5.1.3.RELEASE]
	at org.springframework.test.context.junit4.statements.SpringRepeat.evaluate(SpringRepeat.java:84) ~[spring-test-5.1.3.RELEASE.jar:5.1.3.RELEASE]
	at org.junit.runners.ParentRunner.runLeaf(ParentRunner.java:325) ~[junit-4.12.jar:4.12]
	at org.springframework.test.context.junit4.SpringJUnit4ClassRunner.runChild(SpringJUnit4ClassRunner.java:251) ~[spring-test-5.1.3.RELEASE.jar:5.1.3.RELEASE]
	at org.springframework.test.context.junit4.SpringJUnit4ClassRunner.runChild(SpringJUnit4ClassRunner.java:97) ~[spring-test-5.1.3.RELEASE.jar:5.1.3.RELEASE]
	at org.junit.runners.ParentRunner$3.run(ParentRunner.java:290) ~[junit-4.12.jar:4.12]
	at org.junit.runners.ParentRunner$1.schedule(ParentRunner.java:71) ~[junit-4.12.jar:4.12]
	at org.junit.runners.ParentRunner.runChildren(ParentRunner.java:288) ~[junit-4.12.jar:4.12]
	at org.junit.runners.ParentRunner.access$000(ParentRunner.java:58) ~[junit-4.12.jar:4.12]
	at org.junit.runners.ParentRunner$2.evaluate(ParentRunner.java:268) ~[junit-4.12.jar:4.12]
	at org.springframework.test.context.junit4.statements.RunBeforeTestClassCallbacks.evaluate(RunBeforeTestClassCallbacks.java:61) ~[spring-test-5.1.3.RELEASE.jar:5.1.3.RELEASE]
	at org.springframework.test.context.junit4.statements.RunAfterTestClassCallbacks.evaluate(RunAfterTestClassCallbacks.java:70) ~[spring-test-5.1.3.RELEASE.jar:5.1.3.RELEASE]
	at org.junit.runners.ParentRunner.run(ParentRunner.java:363) ~[junit-4.12.jar:4.12]
	at org.springframework.test.context.junit4.SpringJUnit4ClassRunner.run(SpringJUnit4ClassRunner.java:190) ~[spring-test-5.1.3.RELEASE.jar:5.1.3.RELEASE]
	at org.apache.maven.surefire.junit4.JUnit4Provider.execute(JUnit4Provider.java:365) ~[surefire-junit4-2.22.1.jar:2.22.1]
	at org.apache.maven.surefire.junit4.JUnit4Provider.executeWithRerun(JUnit4Provider.java:273) ~[surefire-junit4-2.22.1.jar:2.22.1]
	at org.apache.maven.surefire.junit4.JUnit4Provider.executeTestSet(JUnit4Provider.java:238) ~[surefire-junit4-2.22.1.jar:2.22.1]
	at org.apache.maven.surefire.junit4.JUnit4Provider.invoke(JUnit4Provider.java:159) ~[surefire-junit4-2.22.1.jar:2.22.1]
	at org.apache.maven.surefire.booter.ForkedBooter.invokeProviderInSameClassLoader(ForkedBooter.java:384) ~[surefire-booter-2.22.1.jar:2.22.1]
	at org.apache.maven.surefire.booter.ForkedBooter.runSuitesInProcess(ForkedBooter.java:345) ~[surefire-booter-2.22.1.jar:2.22.1]
	at org.apache.maven.surefire.booter.ForkedBooter.execute(ForkedBooter.java:126) ~[surefire-booter-2.22.1.jar:2.22.1]
	at org.apache.maven.surefire.booter.ForkedBooter.main(ForkedBooter.java:418) ~[surefire-booter-2.22.1.jar:2.22.1]

]]></system-out>
  </testcase>
</testsuite>