<?xml version="1.0" encoding="UTF-8"?>
<testsuite xmlns:xsi="http://www.w3.org/2001/XMLSchema-instance" xsi:noNamespaceSchemaLocation="https://maven.apache.org/surefire/maven-surefire-plugin/xsd/surefire-test-report.xsd" name="de.tkoehler.rezepttool.manager.services.test.ManagerServiceTest" time="0.004" tests="10" errors="0" skipped="0" failures="0">
  <properties>
[...]
</properties>
  <testcase name="findAllTiniesByDepartment1x" classname="de.tkoehler.rezepttool.manager.services.test.ManagerServiceTest" time="0"/>
  <testcase name="findAllFilterableRecipes_findCategoriesById1x" classname="de.tkoehler.rezepttool.manager.services.test.ManagerServiceTest" time="0"/>
  <testcase name="findAllFilterableRecipes_correctResult" classname="de.tkoehler.rezepttool.manager.services.test.ManagerServiceTest" time="0"/>
  <testcase name="findAllTinyIngredients_findAllTinies1x" classname="de.tkoehler.rezepttool.manager.services.test.ManagerServiceTest" time="0"/>
  <testcase name="findAllFilterableRecipes_findAllTinies1x" classname="de.tkoehler.rezepttool.manager.services.test.ManagerServiceTest" time="0"/>
  <testcase name="findDepartmentsByName1x" classname="de.tkoehler.rezepttool.manager.services.test.ManagerServiceTest" time="0"/>
  <testcase name="findIngredientNamesByName1x" classname="de.tkoehler.rezepttool.manager.services.test.ManagerServiceTest" time="0"/>
  <testcase name="findAllTiniesByNameAndDepartment1x" classname="de.tkoehler.rezepttool.manager.services.test.ManagerServiceTest" time="0"/>
  <testcase name="findAllTiniesByName1x" classname="de.tkoehler.rezepttool.manager.services.test.ManagerServiceTest" time="0"/>
  <testcase name="findAllTinyRecipes_findAllTinies1x" classname="de.tkoehler.rezepttool.manager.services.test.ManagerServiceTest" time="0"/>
</testsuite>